#
# There is insufficient memory for the Java Runtime Environment to continue.
# Native memory allocation (mmap) failed to map 134217728 bytes for Failed to commit area from 0x0000000081a00000 to 0x0000000089a00000 of length 134217728.
# Possible reasons:
#   The system is out of physical RAM or swap space
#   The process is running with CompressedOops enabled, and the Java Heap may be blocking the growth of the native heap
# Possible solutions:
#   Reduce memory load on the system
#   Increase physical memory or swap space
#   Check if swap backing store is full
#   Decrease Java heap size (-Xmx/-Xms)
#   Decrease number of Java threads
#   Decrease Java thread stack sizes (-Xss)
#   Set larger code cache with -XX:ReservedCodeCacheSize=
# This output file may be truncated or incomplete.
#
#  Out of Memory Error (./src/hotspot/os/windows/os_windows.cpp:3521), pid=3424, tid=5768
#
# JRE version:  (11.0.12+7) (build )
# Java VM: OpenJDK 64-Bit Server VM (11.0.12+7-b1504.28-7817840, mixed mode, sharing, tiered, compressed oops, g1 gc, windows-amd64)
# No core dump will be written. Minidumps are not enabled by default on client versions of Windows
#

---------------  S U M M A R Y ------------

Command Line: git4idea.http.GitAskPassApp Username for 'https://github.com': 

Host: Intel(R) Core(TM) i3-10100 CPU @ 3.60GHz, 8 cores, 7G,  Windows 10 , 64 bit Build 19041 (10.0.19041.1741)
Time: Sun Jun 19 17:32:44 2022 Западная Азия (зима) elapsed time: 0.038720 seconds (0d 0h 0m 0s)

---------------  T H R E A D  ---------------

Current thread (0x00000214cea9b000):  JavaThread "Unknown thread" [_thread_in_vm, id=5768, stack(0x000000cfb5d00000,0x000000cfb5e00000)]

Stack: [0x000000cfb5d00000,0x000000cfb5e00000]
Native frames: (J=compiled Java code, j=interpreted, Vv=VM code, C=native code)
V  [jvm.dll+0x5fbcea]
V  [jvm.dll+0x731905]
V  [jvm.dll+0x732f1d]
V  [jvm.dll+0x7335d3]
V  [jvm.dll+0x247bf8]
V  [jvm.dll+0x5f90b4]
V  [jvm.dll+0x5edc85]
V  [jvm.dll+0x305aeb]
V  [jvm.dll+0x305a5a]
V  [jvm.dll+0x305932]
V  [jvm.dll+0x30a896]
V  [jvm.dll+0x353803]
V  [jvm.dll+0x353f06]
V  [jvm.dll+0x353903]
V  [jvm.dll+0x2e0678]
V  [jvm.dll+0x2e1827]
V  [jvm.dll+0x710037]
V  [jvm.dll+0x71182c]
V  [jvm.dll+0x360da9]
V  [jvm.dll+0x6f390e]
V  [jvm.dll+0x3c9723]
V  [jvm.dll+0x3cb9b1]
C  [jli.dll+0x536b]
C  [ucrtbase.dll+0x21bb2]
C  [KERNEL32.DLL+0x17034]
C  [ntdll.dll+0x52651]


---------------  P R O C E S S  ---------------

Threads class SMR info:
_java_thread_list=0x00000214cd0d09b0, length=0, elements={
}

Java Threads: ( => current thread )

Other Threads:
  0x00000214ceab3800 GCTaskThread "GC Thread#0" [stack: 0x000000cfb5e00000,0x000000cfb5f00000] [id=8184]
  0x00000214ceae6000 ConcurrentGCThread "G1 Main Marker" [stack: 0x000000cfb5f00000,0x000000cfb6000000] [id=2804]
  0x00000214ceaec000 ConcurrentGCThread "G1 Conc#0" [stack: 0x000000cfb6000000,0x000000cfb6100000] [id=8208]

[error occurred during error reporting (printing all threads), id 0xc0000005, EXCEPTION_ACCESS_VIOLATION (0xc0000005) at pc=0x00007fff6ba20be7]

VM state:not at safepoint (not fully initialized)

VM Mutex/Monitor currently owned by a thread:  ([mutex/lock_event])
[0x00000214cea97150] Heap_lock - owner thread: 0x00000214cea9b000

Heap address: 0x0000000081a00000, size: 2022 MB, Compressed Oops mode: Non-zero based: 0x0000000081a00000
Narrow klass base: 0x0000000000000000, Narrow klass shift: 0

GC Heap History (0 events):
No events

Deoptimization events (0 events):
No events

Classes redefined (0 events):
No events

Internal exceptions (0 events):
No events

Events (1 events):
Event: 0.026 Loaded shared library C:\Program Files\Android\Android Studio\jre\bin\zip.dll


Dynamic libraries:
0x00007ff638910000 - 0x00007ff63891a000 	C:\Program Files\Android\Android Studio\jre\bin\java.exe
0x00007fffc7ef0000 - 0x00007fffc80e7000 	C:\Windows\SYSTEM32\ntdll.dll
0x00007fffc7df0000 - 0x00007fffc7ead000 	C:\Windows\System32\KERNEL32.DLL
0x00007fffc5a60000 - 0x00007fffc5d2d000 	C:\Windows\System32\KERNELBASE.dll
0x00007fffc5610000 - 0x00007fffc5710000 	C:\Windows\System32\ucrtbase.dll
0x00007fffb9a80000 - 0x00007fffb9a97000 	C:\Program Files\Android\Android Studio\jre\bin\VCRUNTIME140.dll
0x00007fffb6500000 - 0x00007fffb6519000 	C:\Program Files\Android\Android Studio\jre\bin\jli.dll
0x00007fffc6730000 - 0x00007fffc68d0000 	C:\Windows\System32\USER32.dll
0x00007fffc58d0000 - 0x00007fffc58f2000 	C:\Windows\System32\win32u.dll
0x00007fffacfa0000 - 0x00007fffad23a000 	C:\Windows\WinSxS\amd64_microsoft.windows.common-controls_6595b64144ccf1df_6.0.19041.1110_none_60b5254171f9507e\COMCTL32.dll
0x00007fffc6fe0000 - 0x00007fffc700a000 	C:\Windows\System32\GDI32.dll
0x00007fffc5d30000 - 0x00007fffc5e3b000 	C:\Windows\System32\gdi32full.dll
0x00007fffc7540000 - 0x00007fffc75de000 	C:\Windows\System32\msvcrt.dll
0x00007fffc5830000 - 0x00007fffc58cd000 	C:\Windows\System32\msvcp_win.dll
0x00007fffc7d10000 - 0x00007fffc7d40000 	C:\Windows\System32\IMM32.DLL
0x00007fffa9550000 - 0x00007fffa95ed000 	C:\Program Files\Android\Android Studio\jre\bin\msvcp140.dll
0x00007fff6b730000 - 0x00007fff6c215000 	C:\Program Files\Android\Android Studio\jre\bin\server\jvm.dll
0x00007fffc6cc0000 - 0x00007fffc6d6e000 	C:\Windows\System32\ADVAPI32.dll
0x00007fffc7b30000 - 0x00007fffc7bcc000 	C:\Windows\System32\sechost.dll
0x00007fffc7410000 - 0x00007fffc7535000 	C:\Windows\System32\RPCRT4.dll
0x00007fffc7b20000 - 0x00007fffc7b28000 	C:\Windows\System32\PSAPI.DLL
0x00007fffadda0000 - 0x00007fffaddc7000 	C:\Windows\SYSTEM32\WINMM.dll
0x00007fffbf6b0000 - 0x00007fffbf6ba000 	C:\Windows\SYSTEM32\VERSION.dll
0x00007fffc0b40000 - 0x00007fffc0b49000 	C:\Windows\SYSTEM32\WSOCK32.dll
0x00007fffc6c50000 - 0x00007fffc6cbb000 	C:\Windows\System32\ws2_32.DLL
0x00007fffc34f0000 - 0x00007fffc3502000 	C:\Windows\SYSTEM32\kernel.appcore.dll
0x00007fffc03a0000 - 0x00007fffc03b1000 	C:\Program Files\Android\Android Studio\jre\bin\verify.dll
0x00007fffbb540000 - 0x00007fffbb724000 	C:\Windows\SYSTEM32\DBGHELP.DLL
0x00007fffbafc0000 - 0x00007fffbafec000 	C:\Windows\SYSTEM32\dbgcore.DLL
0x00007fffc5ec0000 - 0x00007fffc5f42000 	C:\Windows\System32\bcryptPrimitives.dll
0x00007fffc0200000 - 0x00007fffc0229000 	C:\Program Files\Android\Android Studio\jre\bin\java.dll
0x00007fffc0b30000 - 0x00007fffc0b3b000 	C:\Program Files\Android\Android Studio\jre\bin\jimage.dll
0x00007fffbf460000 - 0x00007fffbf478000 	C:\Program Files\Android\Android Studio\jre\bin\zip.dll

dbghelp: loaded successfully - version: 4.0.5 - missing functions: none
symbol engine: initialized successfully - sym options: 0x614 - pdb path: .;C:\Program Files\Android\Android Studio\jre\bin;C:\Windows\SYSTEM32;C:\Windows\WinSxS\amd64_microsoft.windows.common-controls_6595b64144ccf1df_6.0.19041.1110_none_60b5254171f9507e;C:\Program Files\Android\Android Studio\jre\bin\server

VM Arguments:
java_command: git4idea.http.GitAskPassApp Username for 'https://github.com': 
java_class_path (initial): C:/Program Files/Android/Android Studio/plugins/git4idea/lib/git4idea-rt.jar;C:/Program Files/Android/Android Studio/lib/xmlrpc-2.0.1.jar;C:/Program Files/Android/Android Studio/lib/commons-codec-1.15.jar
Launcher Type: SUN_STANDARD

[Global flags]
     intx CICompilerCount                          = 4                                         {product} {ergonomic}
     uint ConcGCThreads                            = 2                                         {product} {ergonomic}
     uint G1ConcRefinementThreads                  = 8                                         {product} {ergonomic}
   size_t G1HeapRegionSize                         = 1048576                                   {product} {ergonomic}
    uintx GCDrainStackTargetSize                   = 64                                        {product} {ergonomic}
   size_t InitialHeapSize                          = 134217728                                 {product} {ergonomic}
   size_t MarkStackSize                            = 4194304                                   {product} {ergonomic}
   size_t MaxHeapSize                              = 2120220672                                {product} {ergonomic}
   size_t MinHeapDeltaBytes                        = 1048576                                   {product} {ergonomic}
    uintx NonNMethodCodeHeapSize                   = 5836300                                {pd product} {ergonomic}
    uintx NonProfiledCodeHeapSize                  = 122910970                              {pd product} {ergonomic}
    uintx ProfiledCodeHeapSize                     = 122910970                              {pd product} {ergonomic}
    uintx ReservedCodeCacheSize                    = 251658240                              {pd product} {ergonomic}
     bool SegmentedCodeCache                       = true                                      {product} {ergonomic}
     bool UseCompressedClassPointers               = true                                 {lp64_product} {ergonomic}
     bool UseCompressedOops                        = true                                 {lp64_product} {ergonomic}
     bool UseG1GC                                  = true                                      {product} {ergonomic}
     bool UseLargePagesIndividualAllocation        = false                                  {pd product} {ergonomic}

Logging:
Log output configuration:
 #0: stdout all=warning uptime,level,tags
 #1: stderr all=off uptime,level,tags

Environment Variables:
PATH=C:/Users/Turonbank/AppData/Local/Programs/Git/mingw64/libexec/git-core;C:/Users/Turonbank/AppData/Local/Programs/Git/mingw64/libexec/git-core;C:\Users\Turonbank\AppData\Local\Programs\Git\mingw64\bin;C:\Users\Turonbank\AppData\Local\Programs\Git\usr\bin;C:\Users\Turonbank\bin;C:\Program Files\Common Files\Oracle\Java\javapath;C:\Program Files (x86)\Common Files\Oracle\Java\javapath;C:\Windows\system32;C:\Windows;C:\Windows\System32\Wbem;C:\Windows\System32\WindowsPowerShell\v1.0\;C:\Windows\System32\OpenSSH\;C:\Users\Turonbank\AppData\Local\Microsoft\WindowsApps;C:\Users\Turonbank\AppData\Local\Programs\Git\cmd
USERNAME=Turonbank
DISPLAY=:0.0
LC_ALL=en_US.UTF-8
OS=Windows_NT
PROCESSOR_IDENTIFIER=Intel64 Family 6 Model 165 Stepping 3, GenuineIntel



---------------  S Y S T E M  ---------------

OS: Windows 10 , 64 bit Build 19041 (10.0.19041.1741)
OS uptime: 0 days 5:08 hours
Hyper-V role detected

CPU:total 8 (initial active 8) (4 cores per cpu, 2 threads per core) family 6 model 165 stepping 3 microcode 0xcc, cmov, cx8, fxsr, mmx, sse, sse2, sse3, ssse3, sse4.1, sse4.2, popcnt, avx, avx2, aes, clmul, erms, 3dnowpref, lzcnt, ht, tsc, tscinvbit, bmi1, bmi2, adx, fma

Memory: 4k page, system-wide physical 8085M (307M free)
TotalPageFile size 10125M (AvailPageFile size 47M)
current process WorkingSet (physical memory assigned to process): 10M, peak: 10M
current process commit charge ("private bytes"): 60M, peak: 187M

vm_info: OpenJDK 64-Bit Server VM (11.0.12+7-b1504.28-7817840) for windows-amd64 JRE (11.0.12+7-b1504.28-7817840), built on Oct 13 2021 22:12:33 by "builder" with MS VC++ 14.0 (VS2015)

END.
